<?xml version="1.0" encoding="UTF-8"?>
<testng-results skipped="0" failed="0" ignored="0" total="2" passed="2">
  <reporter-output>
  </reporter-output>
  <suite name="Default suite" duration-ms="48019" started-at="2020-09-13T11:12:31 IST" finished-at="2020-09-13T11:13:19 IST">
    <groups>
    </groups>
    <test name="Default test" duration-ms="48019" started-at="2020-09-13T11:12:31 IST" finished-at="2020-09-13T11:13:19 IST">
      <class name="com.retail.qa.testcases.HomePageTest">
        <test-method status="PASS" signature="SetUp()[pri:0, instance:com.retail.qa.testcases.HomePageTest@3e57cd70]" name="SetUp" is-config="true" duration-ms="19568" started-at="2020-09-13T11:12:31 IST" finished-at="2020-09-13T11:12:51 IST">
          <reporter-output>
          </reporter-output>
        </test-method> <!-- SetUp -->
        <test-method status="PASS" signature="HomePageTitleTest()[pri:1, instance:com.retail.qa.testcases.HomePageTest@3e57cd70]" name="HomePageTitleTest" duration-ms="224" started-at="2020-09-13T11:12:51 IST" finished-at="2020-09-13T11:12:51 IST">
          <reporter-output>
          </reporter-output>
        </test-method> <!-- HomePageTitleTest -->
        <test-method status="PASS" signature="TearDown()[pri:0, instance:com.retail.qa.testcases.HomePageTest@3e57cd70]" name="TearDown" is-config="true" duration-ms="658" started-at="2020-09-13T11:12:51 IST" finished-at="2020-09-13T11:12:52 IST">
          <reporter-output>
          </reporter-output>
        </test-method> <!-- TearDown -->
        <test-method status="PASS" signature="SetUp()[pri:0, instance:com.retail.qa.testcases.HomePageTest@3e57cd70]" name="SetUp" is-config="true" duration-ms="15647" started-at="2020-09-13T11:12:52 IST" finished-at="2020-09-13T11:13:07 IST">
          <reporter-output>
          </reporter-output>
        </test-method> <!-- SetUp -->
        <test-method status="PASS" signature="SignInTest()[pri:2, instance:com.retail.qa.testcases.HomePageTest@3e57cd70]" name="SignInTest" duration-ms="9968" started-at="2020-09-13T11:13:07 IST" finished-at="2020-09-13T11:13:17 IST">
          <reporter-output>
          </reporter-output>
        </test-method> <!-- SignInTest -->
        <test-method status="PASS" signature="TearDown()[pri:0, instance:com.retail.qa.testcases.HomePageTest@3e57cd70]" name="TearDown" is-config="true" duration-ms="1872" started-at="2020-09-13T11:13:17 IST" finished-at="2020-09-13T11:13:19 IST">
          <reporter-output>
          </reporter-output>
        </test-method> <!-- TearDown -->
        <test-method status="PASS" signature="TearDown1()[pri:0, instance:com.retail.qa.testcases.HomePageTest@3e57cd70]" name="TearDown1" is-config="true" duration-ms="1" started-at="2020-09-13T11:13:19 IST" finished-at="2020-09-13T11:13:19 IST">
          <reporter-output>
          </reporter-output>
        </test-method> <!-- TearDown1 -->
      </class> <!-- com.retail.qa.testcases.HomePageTest -->
    </test> <!-- Default test -->
  </suite> <!-- Default suite -->
</testng-results>
